Using pre-set license
Built from '2020.3/staging' branch; Version is '2020.3.13f1 (71691879b7f5) revision 7432472'; Using compiler version '192528614'; Build Type 'Release'
OS: 'Windows 10 Pro; OS build 19043.1348; Version 2009; 64bit' Language: 'es' Physical Memory: 16335 MB
BatchMode: 1, IsHumanControllingUs: 0, StartBugReporterOnCrash: 0, Is64bit: 1, IsPro: 0

 COMMAND LINE ARGUMENTS:
F:\UnityProyectos\2020.3.13f1\Editor\Unity.exe
-adb2
-batchMode
-noUpm
-name
AssetImportWorker0
-projectPath
E:/Unity_Exportados/CoderHouse/DESAFIOS/Desafio
-logFile
Logs/AssetImportWorker0.log
-srvPort
52936
Successfully changed project path to: E:/Unity_Exportados/CoderHouse/DESAFIOS/Desafio
E:/Unity_Exportados/CoderHouse/DESAFIOS/Desafio
Using Asset Import Pipeline V2.
Refreshing native plugins compatible for Editor in 36.82 ms, found 2 plugins.
Preloading 0 native plugins for Editor in 0.00 ms.
Initialize engine version: 2020.3.13f1 (71691879b7f5)
[Subsystems] Discovering subsystems at path F:/UnityProyectos/2020.3.13f1/Editor/Data/Resources/UnitySubsystems
[Subsystems] Discovering subsystems at path E:/Unity_Exportados/CoderHouse/DESAFIOS/Desafio/Assets
GfxDevice: creating device client; threaded=0
Direct3D:
    Version:  Direct3D 11.0 [level 11.1]
    Renderer: Radeon RX 570 Series (ID=0x67df)
    Vendor:   
    VRAM:     8171 MB
    Driver:   30.0.13025.5005
Initialize mono
Mono path[0] = 'F:/UnityProyectos/2020.3.13f1/Editor/Data/Managed'
Mono path[1] = 'F:/UnityProyectos/2020.3.13f1/Editor/Data/MonoBleedingEdge/lib/mono/unityjit'
Mono config path = 'F:/UnityProyectos/2020.3.13f1/Editor/Data/MonoBleedingEdge/etc'
Using monoOptions --debugger-agent=transport=dt_socket,embedding=1,server=y,suspend=n,address=127.0.0.1:56364
Begin MonoManager ReloadAssembly
Registering precompiled unity dll's ...
Register platform support module: F:/UnityProyectos/2020.3.13f1/Editor/Data/PlaybackEngines/WebGLSupport/UnityEditor.WebGL.Extensions.dll
Register platform support module: F:/UnityProyectos/2020.3.13f1/Editor/Data/PlaybackEngines/MacStandaloneSupport/UnityEditor.OSXStandalone.Extensions.dll
Register platform support module: F:/UnityProyectos/2020.3.13f1/Editor/Data/PlaybackEngines/WindowsStandaloneSupport/UnityEditor.WindowsStandalone.Extensions.dll
Registered in 0.001747 seconds.
Native extension for WindowsStandalone target not found
Native extension for OSXStandalone target not found
Native extension for WebGL target not found
Refreshing native plugins compatible for Editor in 38.26 ms, found 2 plugins.
Preloading 0 native plugins for Editor in 0.00 ms.
Mono: successfully reloaded assembly
- Completed reload, in  1.908 seconds
Platform modules already initialized, skipping
Registering precompiled user dll's ...
Registered in 0.002351 seconds.
Begin MonoManager ReloadAssembly
Native extension for WindowsStandalone target not found
Native extension for OSXStandalone target not found
Native extension for WebGL target not found
Refreshing native plugins compatible for Editor in 0.61 ms, found 2 plugins.
Preloading 0 native plugins for Editor in 0.00 ms.
Mono: successfully reloaded assembly
- Completed reload, in  1.148 seconds
Platform modules already initialized, skipping
========================================================================
Worker process is ready to serve import requests
Launched and connected shader compiler UnityShaderCompiler.exe after 0.05 seconds
Refreshing native plugins compatible for Editor in 0.39 ms, found 2 plugins.
Preloading 0 native plugins for Editor in 0.00 ms.
Unloading 1606 Unused Serialized files (Serialized files now loaded: 0)
System memory in use before: 75.1 MB.
System memory in use after: 75.2 MB.

Unloading 17 unused Assets to reduce memory usage. Loaded Objects now: 2049.
Total: 2.175200 ms (FindLiveObjects: 0.177200 ms CreateObjectMapping: 0.041100 ms MarkObjects: 1.887700 ms  DeleteObjects: 0.068100 ms)

AssetImportParameters requested are different than current active one (requested -> active):
  custom:framework-win-MediaFoundation: 216162199b28c13a410421893ffa2e32 -> 
  custom:video-decoder-ogg-theora: a1e56fd34408186e4bbccfd4996cb3dc -> 
  custom:container-muxer-webm: aa71ff27fc2769a1b78a27578f13a17b -> 
  custom:container-demuxer-webm: 4f35f7cbe854078d1ac9338744f61a02 -> 
  custom:container-demuxer-ogg: 62fdf1f143b41e24485cea50d1cbac27 -> 
  custom:video-encoder-webm-vp8: eb34c28f22e8b96e1ab97ce403110664 -> 
  custom:video-decoder-webm-vp8: 9c59270c3fd7afecdb556c50c9e8de78 -> 
  custom:audio-decoder-ogg-vorbis: bf7c407c2cedff20999df2af8eb42d56 -> 
  custom:audio-encoder-webm-vorbis: bf7c407c2cedff20999df2af8eb42d56 -> 
========================================================================
Received Import Request.
  path: Assets/Scripts/DesafioTDA
  artifactKey: Guid(a66ba618f32ad48eaa192233247a5d6a) Importer(815301076,1909f56bfc062723c751e8b465ee728b)
Start importing Assets/Scripts/DesafioTDA using Guid(a66ba618f32ad48eaa192233247a5d6a) Importer(815301076,1909f56bfc062723c751e8b465ee728b)  -> (artifact id: '70171537ea0140e99d5266bb027048e7') in 0.009071 seconds 
  Import took 0.011582 seconds .

========================================================================
Received Import Request.
  Time since last request: 0.000258 seconds.
  path: Assets/Scripts/DesafioTDA/GeneratorController.cs
  artifactKey: Guid(a7bcf14432aca4eacaeef7ec8ac598d3) Importer(815301076,1909f56bfc062723c751e8b465ee728b)
Start importing Assets/Scripts/DesafioTDA/GeneratorController.cs using Guid(a7bcf14432aca4eacaeef7ec8ac598d3) Importer(815301076,1909f56bfc062723c751e8b465ee728b)  -> (artifact id: '191969714524545de177dd773efbcab0') in 0.043483 seconds 
  Import took 0.045915 seconds .

========================================================================
Received Import Request.
  Time since last request: 46.873479 seconds.
  path: Assets/Scripts/DesafioTDA/ItemsController.cs
  artifactKey: Guid(e941aadbc4cda4d31b26dacb7d6ae63e) Importer(815301076,1909f56bfc062723c751e8b465ee728b)
Start importing Assets/Scripts/DesafioTDA/ItemsController.cs using Guid(e941aadbc4cda4d31b26dacb7d6ae63e) Importer(815301076,1909f56bfc062723c751e8b465ee728b)  -> (artifact id: '94d549e7d11f12815a1f117d1a779951') in 0.006894 seconds 
  Import took 0.032045 seconds .

========================================================================
Received Import Request.
  Time since last request: 10.036278 seconds.
  path: Assets/Scripts/DesafioTDA/TDAPlayerController.cs
  artifactKey: Guid(0d4b6cc1c02c94ed68ea332695b6eb4b) Importer(815301076,1909f56bfc062723c751e8b465ee728b)
Start importing Assets/Scripts/DesafioTDA/TDAPlayerController.cs using Guid(0d4b6cc1c02c94ed68ea332695b6eb4b) Importer(815301076,1909f56bfc062723c751e8b465ee728b)  -> (artifact id: 'a3f4e47cb0d090297e8b25d2323b5e6e') in 0.006769 seconds 
  Import took 0.009676 seconds .

========================================================================
Received Import Request.
  Time since last request: 0.000397 seconds.
  path: Assets/Scripts/DesafioTDA/TDAPlayerController.cs
  artifactKey: Guid(0d4b6cc1c02c94ed68ea332695b6eb4b) Importer(815301076,1909f56bfc062723c751e8b465ee728b)
Start importing Assets/Scripts/DesafioTDA/TDAPlayerController.cs using Guid(0d4b6cc1c02c94ed68ea332695b6eb4b) Importer(815301076,1909f56bfc062723c751e8b465ee728b)  -> (artifact id: 'a3f4e47cb0d090297e8b25d2323b5e6e') in 0.001744 seconds 
  Import took 0.004372 seconds .

AssetImportWorkerClient::OnTransportError - code=2 error=End of file
